[debug] [2020-03-15T06:45:42.838Z] ----------------------------------------------------------------------
[debug] [2020-03-15T06:45:42.843Z] Command:       C:\Users\Neeta\Downloads\node-v8.16.2-win-x64\node-v8.16.2-win-x64\node.exe C:\Users\Neeta\Downloads\node-v8.16.2-win-x64\node-v8.16.2-win-x64\node_modules\firebase-tools\lib\bin\firebase.js init
[debug] [2020-03-15T06:45:42.843Z] CLI Version:   7.15.0
[debug] [2020-03-15T06:45:42.843Z] Platform:      win32
[debug] [2020-03-15T06:45:42.843Z] Node Version:  v8.16.2
[debug] [2020-03-15T06:45:42.844Z] Time:          Sun Mar 15 2020 12:15:42 GMT+0530 (India Standard Time)
[debug] [2020-03-15T06:45:42.844Z] ----------------------------------------------------------------------
[debug] [2020-03-15T06:45:42.844Z] 
[debug] [2020-03-15T06:45:42.852Z] > command requires scopes: ["email","openid","https://www.googleapis.com/auth/cloudplatformprojects.readonly","https://www.googleapis.com/auth/firebase","https://www.googleapis.com/auth/cloud-platform"]
[debug] [2020-03-15T06:45:42.852Z] > authorizing via signed-in user
[info] 
     ######## #### ########  ######## ########     ###     ######  ########
     ##        ##  ##     ## ##       ##     ##  ##   ##  ##       ##
     ######    ##  ########  ######   ########  #########  ######  ######
     ##        ##  ##    ##  ##       ##     ## ##     ##       ## ##
     ##       #### ##     ## ######## ########  ##     ##  ######  ########

You're about to initialize a Firebase project in this directory:

  C:\Users\Neeta

Before we get started, keep in mind:

  * You are initializing in an existing Firebase project directory

[info] 
=== Project Setup
[info] 
[info] First, let's associate this project directory with a Firebase project.
[info] You can create multiple project aliases by running firebase use --add, 
[info] but for now we'll just set up a default project.
[info] 
[info] i  .firebaserc already has a default project, using iontaxi-8b76f.
[debug] [2020-03-15T06:45:49.625Z] > refreshing access token with scopes: ["email","https://www.googleapis.com/auth/cloud-platform","https://www.googleapis.com/auth/cloudplatformprojects.readonly","https://www.googleapis.com/auth/firebase","openid"]
[debug] [2020-03-15T06:45:49.625Z] >>> HTTP REQUEST POST https://www.googleapis.com/oauth2/v3/token  
 <request body omitted>
[debug] [2020-03-15T06:45:51.592Z] <<< HTTP RESPONSE 400
[debug] [2020-03-15T06:45:51.596Z] >>> HTTP REQUEST GET https://firebase.googleapis.com/v1beta1/projects/iontaxi-8b76f  
 
[debug] [2020-03-15T06:45:52.731Z] <<< HTTP RESPONSE 401
[debug] [2020-03-15T06:45:52.731Z] <<< HTTP RESPONSE BODY
[debug] [2020-03-15T06:45:52.735Z] HTTP Error: 401, Request had invalid authentication credentials. Expected OAuth 2 access token, login cookie or other valid authentication credential. See https://developers.google.com/identity/sign-in/web/devconsole-project.
[debug] [2020-03-15T06:45:53.734Z] FirebaseError: HTTP Error: 401, Request had invalid authentication credentials. Expected OAuth 2 access token, login cookie or other valid authentication credential. See https://developers.google.com/identity/sign-in/web/devconsole-project.
    at module.exports (C:\Users\Neeta\Downloads\node-v8.16.2-win-x64\node-v8.16.2-win-x64\node_modules\firebase-tools\lib\responseToError.js:38:12)
    at Request._callback (C:\Users\Neeta\Downloads\node-v8.16.2-win-x64\node-v8.16.2-win-x64\node_modules\firebase-tools\lib\api.js:39:35)
    at Request.self.callback (C:\Users\Neeta\Downloads\node-v8.16.2-win-x64\node-v8.16.2-win-x64\node_modules\firebase-tools\node_modules\request\request.js:185:22)
    at emitTwo (events.js:126:13)
    at Request.emit (events.js:214:7)
    at Request.<anonymous> (C:\Users\Neeta\Downloads\node-v8.16.2-win-x64\node-v8.16.2-win-x64\node_modules\firebase-tools\node_modules\request\request.js:1154:10)
    at emitOne (events.js:116:13)
    at Request.emit (events.js:211:7)
    at IncomingMessage.<anonymous> (C:\Users\Neeta\Downloads\node-v8.16.2-win-x64\node-v8.16.2-win-x64\node_modules\firebase-tools\node_modules\request\request.js:1076:12)
    at Object.onceWrapper (events.js:313:30)
    at emitNone (events.js:111:20)
    at IncomingMessage.emit (events.js:208:7)
    at endReadableNT (_stream_readable.js:1064:12)
    at _combinedTickCallback (internal/process/next_tick.js:139:11)
    at process._tickDomainCallback (internal/process/next_tick.js:219:9)
[error] 
[error] Error: Failed to get Firebase project iontaxi-8b76f. Please make sure the project exists and your account has permission to access it.
[debug] [2020-03-15T06:47:17.482Z] ----------------------------------------------------------------------
[debug] [2020-03-15T06:47:17.485Z] Command:       C:\Users\Neeta\Downloads\node-v8.16.2-win-x64\node-v8.16.2-win-x64\node.exe C:\Users\Neeta\Downloads\node-v8.16.2-win-x64\node-v8.16.2-win-x64\node_modules\firebase-tools\lib\bin\firebase.js use --add
[debug] [2020-03-15T06:47:17.485Z] CLI Version:   7.15.0
[debug] [2020-03-15T06:47:17.485Z] Platform:      win32
[debug] [2020-03-15T06:47:17.485Z] Node Version:  v8.16.2
[debug] [2020-03-15T06:47:17.486Z] Time:          Sun Mar 15 2020 12:17:17 GMT+0530 (India Standard Time)
[debug] [2020-03-15T06:47:17.486Z] ----------------------------------------------------------------------
[debug] [2020-03-15T06:47:17.486Z] 
[debug] [2020-03-15T06:47:17.497Z] > command requires scopes: ["email","openid","https://www.googleapis.com/auth/cloudplatformprojects.readonly","https://www.googleapis.com/auth/firebase","https://www.googleapis.com/auth/cloud-platform"]
[debug] [2020-03-15T06:47:17.497Z] > authorizing via signed-in user
[debug] [2020-03-15T06:47:17.501Z] > refreshing access token with scopes: ["email","https://www.googleapis.com/auth/cloud-platform","https://www.googleapis.com/auth/cloudplatformprojects.readonly","https://www.googleapis.com/auth/firebase","openid"]
[debug] [2020-03-15T06:47:17.501Z] >>> HTTP REQUEST POST https://www.googleapis.com/oauth2/v3/token  
 <request body omitted>
[debug] [2020-03-15T06:47:18.164Z] <<< HTTP RESPONSE 400
[debug] [2020-03-15T06:47:18.170Z] >>> HTTP REQUEST GET https://firebase.googleapis.com/v1beta1/projects?pageSize=1000  
 
[debug] [2020-03-15T06:47:19.213Z] <<< HTTP RESPONSE 401
[debug] [2020-03-15T06:47:19.213Z] <<< HTTP RESPONSE BODY
[debug] [2020-03-15T06:47:19.213Z] HTTP Error: 401, Request had invalid authentication credentials. Expected OAuth 2 access token, login cookie or other valid authentication credential. See https://developers.google.com/identity/sign-in/web/devconsole-project.
[debug] [2020-03-15T06:47:19.744Z] FirebaseError: HTTP Error: 401, Request had invalid authentication credentials. Expected OAuth 2 access token, login cookie or other valid authentication credential. See https://developers.google.com/identity/sign-in/web/devconsole-project.
    at module.exports (C:\Users\Neeta\Downloads\node-v8.16.2-win-x64\node-v8.16.2-win-x64\node_modules\firebase-tools\lib\responseToError.js:38:12)
    at Request._callback (C:\Users\Neeta\Downloads\node-v8.16.2-win-x64\node-v8.16.2-win-x64\node_modules\firebase-tools\lib\api.js:39:35)
    at Request.self.callback (C:\Users\Neeta\Downloads\node-v8.16.2-win-x64\node-v8.16.2-win-x64\node_modules\firebase-tools\node_modules\request\request.js:185:22)
    at emitTwo (events.js:126:13)
    at Request.emit (events.js:214:7)
    at Request.<anonymous> (C:\Users\Neeta\Downloads\node-v8.16.2-win-x64\node-v8.16.2-win-x64\node_modules\firebase-tools\node_modules\request\request.js:1154:10)
    at emitOne (events.js:116:13)
    at Request.emit (events.js:211:7)
    at IncomingMessage.<anonymous> (C:\Users\Neeta\Downloads\node-v8.16.2-win-x64\node-v8.16.2-win-x64\node_modules\firebase-tools\node_modules\request\request.js:1076:12)
    at Object.onceWrapper (events.js:313:30)
    at emitNone (events.js:111:20)
    at IncomingMessage.emit (events.js:208:7)
    at endReadableNT (_stream_readable.js:1064:12)
    at _combinedTickCallback (internal/process/next_tick.js:139:11)
    at process._tickDomainCallback (internal/process/next_tick.js:219:9)
[error] 
[error] Error: Failed to list Firebase projects. See firebase-debug.log for more info.
